<?xml version="1.0" encoding="UTF-8"?>
<testng-results skipped="0" failed="0" ignored="0" total="1" passed="1">
  <reporter-output>
  </reporter-output>
  <suite name="Command line suite" duration-ms="24" started-at="2019-07-31T10:23:08Z" finished-at="2019-07-31T10:23:08Z">
    <groups>
    </groups>
    <test name="Command line test" duration-ms="24" started-at="2019-07-31T10:23:08Z" finished-at="2019-07-31T10:23:08Z">
      <class name="REST.Learning.AppTest">
        <test-method status="PASS" signature="testApp()[pri:0, instance:testApp(REST.Learning.AppTest)]" name="testApp" duration-ms="5" started-at="2019-07-31T10:23:08Z" finished-at="2019-07-31T10:23:08Z">
          <reporter-output>
          </reporter-output>
        </test-method> <!-- testApp -->
      </class> <!-- REST.Learning.AppTest -->
    </test> <!-- Command line test -->
  </suite> <!-- Command line suite -->
</testng-results>
